<?xml version="1.0" encoding="UTF-8"?>
<!-- Generated by org.testng.reporters.JUnitReportReporter -->
<testsuite hostname="Lahari" name="com.Selenium.WeekClasses.TestNGExample1" tests="3" failures="0" timestamp="14 Aug 2016 02:36:17 GMT" time="1.055" errors="0">
  <testcase name="TC_02_fillingRestration" time="0.012" classname="com.Selenium.WeekClasses.TestNGExample1"/>
  <testcase name="TC_04_inputrequestFromTestCase" time="0.001" classname="com.Selenium.WeekClasses.TestNGExample1"/>
  <testcase name="TC_01_loginpage" time="1.042" classname="com.Selenium.WeekClasses.TestNGExample1"/>
</testsuite> <!-- com.Selenium.WeekClasses.TestNGExample1 -->
