<?xml version="1.0" encoding="UTF-8"?>
<!-- Generated by org.testng.reporters.JUnitReportReporter -->
<testsuite hostname="Lahari" name="com.Selenium.WeekClasses.ExampleDataProvider" tests="2" failures="0" timestamp="14 Aug 2016 03:35:18 GMT" time="0.019" errors="0">
  <testcase name="gmailLoginTest" time="0.013" classname="com.Selenium.WeekClasses.ExampleDataProvider"/>
  <testcase name="gmailLoginTest" time="0.006" classname="com.Selenium.WeekClasses.ExampleDataProvider"/>
</testsuite> <!-- com.Selenium.WeekClasses.ExampleDataProvider -->
