<?xml version="1.0" encoding="UTF-8"?>
<!-- Generated by org.testng.reporters.JUnitReportReporter -->
<testsuite hostname="Lahari" name="com.Selenium.WeekClasses.TestNGExample2" tests="1" failures="0" timestamp="14 Aug 2016 02:36:17 GMT" time="0.002" errors="0">
  <testcase name="testA" time="0.002" classname="com.Selenium.WeekClasses.TestNGExample2"/>
</testsuite> <!-- com.Selenium.WeekClasses.TestNGExample2 -->
